# JRE version: Java(TM) SE Runtime Environment (8.0_11-b12) (build 1.8.0_11-b12)
# Java VM: Java HotSpot(TM) Client VM (25.11-b03 mixed mode windows-x86 )
Heap:
 def new generation   total 42752K, used 4736K [0x03e00000, 0x06c60000, 0x19350000)
  eden space 38016K,   0% used [0x03e00000, 0x03e00000, 0x06320000)
  from space 4736K, 100% used [0x067c0000, 0x06c60000, 0x06c60000)
  to   space 4736K,   0% used [0x06320000, 0x06320000, 0x067c0000)
 tenured generation   total 95828K, used 95800K [0x19350000, 0x1f0e5000, 0x43e00000)
   the space 95828K,  99% used [0x19350000, 0x1f0de170, 0x1f0de200, 0x1f0e5000)
 Metaspace       used 39968K, capacity 41603K, committed 41728K, reserved 42368K
GC Heap History (10 events):
Event: 365.723 GC heap after
Heap after GC invocations=182 (full 7):
 def new generation   total 42752K, used 1527K [0x03e00000, 0x06c60000, 0x19350000)
  eden space 38016K,   0% used [0x03e00000, 0x03e00000, 0x06320000)
  from space 4736K,  32% used [0x06320000, 0x0649dde0, 0x067c0000)
  to   space 4736K,   0% used [0x067c0000, 0x067c0000, 0x06c60000)
 tenured generation   total 94804K, used 88154K [0x19350000, 0x1efe5000, 0x43e00000)
   the space 94804K,  92% used [0x19350000, 0x1e966808, 0x1e966a00, 0x1efe5000)
 Metaspace       used 36785K, capacity 38206K, committed 38272K, reserved 38272K
}
Event: 365.982 GC heap before
{Heap before GC invocations=182 (full 7):
 def new generation   total 42752K, used 39543K [0x03e00000, 0x06c60000, 0x19350000)
  eden space 38016K, 100% used [0x03e00000, 0x06320000, 0x06320000)
  from space 4736K,  32% used [0x06320000, 0x0649dde0, 0x067c0000)
  to   space 4736K,   0% used [0x067c0000, 0x067c0000, 0x06c60000)
 tenured generation   total 94804K, used 88154K [0x19350000, 0x1efe5000, 0x43e00000)
   the space 94804K,  92% used [0x19350000, 0x1e966808, 0x1e966a00, 0x1efe5000)
 Metaspace       used 36785K, capacity 38206K, committed 38272K, reserved 38272K
Event: 366.001 GC heap after
Heap after GC invocations=183 (full 7):
 def new generation   total 42752K, used 1757K [0x03e00000, 0x06c60000, 0x19350000)
  eden space 38016K,   0% used [0x03e00000, 0x03e00000, 0x06320000)
  from space 4736K,  37% used [0x067c0000, 0x06977728, 0x06c60000)
  to   space 4736K,   0% used [0x06320000, 0x06320000, 0x067c0000)
 tenured generation   total 94804K, used 88154K [0x19350000, 0x1efe5000, 0x43e00000)
   the space 94804K,  92% used [0x19350000, 0x1e966808, 0x1e966a00, 0x1efe5000)
 Metaspace       used 36785K, capacity 38206K, committed 38272K, reserved 38272K
}
Event: 366.228 GC heap before
{Heap before GC invocations=183 (full 7):
 def new generation   total 42752K, used 39773K [0x03e00000, 0x06c60000, 0x19350000)
  eden space 38016K, 100% used [0x03e00000, 0x06320000, 0x06320000)
  from space 4736K,  37% used [0x067c0000, 0x06977728, 0x06c60000)
  to   space 4736K,   0% used [0x06320000, 0x06320000, 0x067c0000)
 tenured generation   total 94804K, used 88154K [0x19350000, 0x1efe5000, 0x43e00000)
   the space 94804K,  92% used [0x19350000, 0x1e966808, 0x1e966a00, 0x1efe5000)
 Metaspace       used 36785K, capacity 38206K, committed 38272K, reserved 38272K
Event: 366.238 GC heap after
Heap after GC invocations=184 (full 7):
 def new generation   total 42752K, used 1830K [0x03e00000, 0x06c60000, 0x19350000)
  eden space 38016K,   0% used [0x03e00000, 0x03e00000, 0x06320000)
  from space 4736K,  38% used [0x06320000, 0x064e9a60, 0x067c0000)
  to   space 4736K,   0% used [0x067c0000, 0x067c0000, 0x06c60000)
 tenured generation   total 94804K, used 88154K [0x19350000, 0x1efe5000, 0x43e00000)
   the space 94804K,  92% used [0x19350000, 0x1e966808, 0x1e966a00, 0x1efe5000)
 Metaspace       used 36785K, capacity 38206K, committed 38272K, reserved 38272K
}
Event: 366.770 GC heap before
{Heap before GC invocations=184 (full 7):
 def new generation   total 42752K, used 39846K [0x03e00000, 0x06c60000, 0x19350000)
  eden space 38016K, 100% used [0x03e00000, 0x06320000, 0x06320000)
  from space 4736K,  38% used [0x06320000, 0x064e9a60, 0x067c0000)
  to   space 4736K,   0% used [0x067c0000, 0x067c0000, 0x06c60000)
 tenured generation   total 94804K, used 88154K [0x19350000, 0x1efe5000, 0x43e00000)
   the space 94804K,  92% used [0x19350000, 0x1e966808, 0x1e966a00, 0x1efe5000)
 Metaspace       used 36873K, capacity 38359K, committed 38400K, reserved 39296K
Event: 366.793 GC heap after
Heap after GC invocations=185 (full 7):
 def new generation   total 42752K, used 4171K [0x03e00000, 0x06c60000, 0x19350000)
  eden space 38016K,   0% used [0x03e00000, 0x03e00000, 0x06320000)
  from space 4736K,  88% used [0x067c0000, 0x06bd2e70, 0x06c60000)
  to   space 4736K,   0% used [0x06320000, 0x06320000, 0x067c0000)
 tenured generation   total 94804K, used 88154K [0x19350000, 0x1efe5000, 0x43e00000)
   the space 94804K,  92% used [0x19350000, 0x1e966808, 0x1e966a00, 0x1efe5000)
 Metaspace       used 36873K, capacity 38359K, committed 38400K, reserved 39296K
}
Event: 368.159 GC heap before
{Heap before GC invocations=185 (full 7):
 def new generation   total 42752K, used 42187K [0x03e00000, 0x06c60000, 0x19350000)
  eden space 38016K, 100% used [0x03e00000, 0x06320000, 0x06320000)
  from space 4736K,  88% used [0x067c0000, 0x06bd2e70, 0x06c60000)
  to   space 4736K,   0% used [0x06320000, 0x06320000, 0x067c0000)
 tenured generation   total 94804K, used 88154K [0x19350000, 0x1efe5000, 0x43e00000)
   the space 94804K,  92% used [0x19350000, 0x1e966808, 0x1e966a00, 0x1efe5000)
 Metaspace       used 36947K, capacity 38537K, committed 38656K, reserved 39296K
Event: 368.182 GC heap after
Heap after GC invocations=186 (full 7):
 def new generation   total 42752K, used 1628K [0x03e00000, 0x06c60000, 0x19350000)
  eden space 38016K,   0% used [0x03e00000, 0x03e00000, 0x06320000)
  from space 4736K,  34% used [0x06320000, 0x064b7280, 0x067c0000)
  to   space 4736K,   0% used [0x067c0000, 0x067c0000, 0x06c60000)
 tenured generation   total 94804K, used 91983K [0x19350000, 0x1efe5000, 0x43e00000)
   the space 94804K,  97% used [0x19350000, 0x1ed23f20, 0x1ed24000, 0x1efe5000)
 Metaspace       used 36947K, capacity 38537K, committed 38656K, reserved 39296K
}
Event: 369.141 GC heap before
{Heap before GC invocations=186 (full 7):
 def new generation   total 42752K, used 39644K [0x03e00000, 0x06c60000, 0x19350000)
  eden space 38016K, 100% used [0x03e00000, 0x06320000, 0x06320000)
  from space 4736K,  34% used [0x06320000, 0x064b7280, 0x067c0000)
  to   space 4736K,   0% used [0x067c0000, 0x067c0000, 0x06c60000)
 tenured generation   total 94804K, used 91983K [0x19350000, 0x1efe5000, 0x43e00000)
   the space 94804K,  97% used [0x19350000, 0x1ed23f20, 0x1ed24000, 0x1efe5000)
 Metaspace       used 39968K, capacity 41603K, committed 41728K, reserved 42368K

